[0.190s] Invoking command in '/home/hephaestus/ros2_ws/src/diy_robotarm_wer24_driver/build/diy_robotarm_wer24_driver': CMAKE_PREFIX_PATH=${CMAKE_PREFIX_PATH}:/opt/ros/humble /usr/bin/cmake --build /home/hephaestus/ros2_ws/src/diy_robotarm_wer24_driver/build/diy_robotarm_wer24_driver -- -j8 -l8
[0.247s] -- Found ament_cmake: 1.3.7 (/opt/ros/humble/share/ament_cmake/cmake)
[0.626s] -- Found diy_robotarm_wer24_description: 0.0.0 (/home/hephaestus/dependencies/diy_robotarm_wer24_description_ws/install/diy_robotarm_wer24_description/share/diy_robotarm_wer24_description/cmake)
[0.626s] -- Found diy_soft_gripper_description: 0.0.0 (/home/hephaestus/dependencies/diy_soft_gripper_description_ws/install/diy_soft_gripper_description/share/diy_soft_gripper_description/cmake)
[0.627s] -- Found diy_robot_full_cell_description: 0.0.0 (/home/hephaestus/dependencies/diy_robot_full_cell_description_ws/install/diy_robot_full_cell_description/share/diy_robot_full_cell_description/cmake)
[0.628s] -- Found xacro: 2.0.8 (/opt/ros/humble/share/xacro/cmake)
[0.637s] -- Found controller_interface: 2.37.0 (/opt/ros/humble/share/controller_interface/cmake)
[0.770s] -- Found rosidl_generator_c: 3.1.5 (/opt/ros/humble/share/rosidl_generator_c/cmake)
[0.788s] -- Found rosidl_adapter: 3.1.5 (/opt/ros/humble/share/rosidl_adapter/cmake)
[0.815s] -- Found rosidl_generator_cpp: 3.1.5 (/opt/ros/humble/share/rosidl_generator_cpp/cmake)
[0.854s] -- Using all available rosidl_typesupport_c: rosidl_typesupport_fastrtps_c;rosidl_typesupport_introspection_c
[0.908s] -- Using all available rosidl_typesupport_cpp: rosidl_typesupport_fastrtps_cpp;rosidl_typesupport_introspection_cpp
[2.369s] -- Found rmw_implementation_cmake: 6.1.1 (/opt/ros/humble/share/rmw_implementation_cmake/cmake)
[2.378s] -- Found rmw_fastrtps_cpp: 6.2.6 (/opt/ros/humble/share/rmw_fastrtps_cpp/cmake)
[2.476s] -- Found TinyXML2 via Config file: TinyXML2_DIR-NOTFOUND
[2.647s] -- Found OpenSSL: /usr/lib/x86_64-linux-gnu/libcrypto.so (found version "3.0.2")  
[2.655s] -- Found TinyXML2 via Config file: TinyXML2_DIR-NOTFOUND
[2.688s] -- Found FastRTPS: /opt/ros/humble/include  
[2.706s] -- Found TinyXML2 via Config file: TinyXML2_DIR-NOTFOUND
[2.723s] -- Found TinyXML2 via Config file: TinyXML2_DIR-NOTFOUND
[2.743s] -- Using RMW implementation 'rmw_fastrtps_cpp' as default
[2.779s] -- Looking for pthread.h
[2.966s] -- Looking for pthread.h - found
[2.981s] -- Performing Test CMAKE_HAVE_LIBC_PTHREAD
[3.166s] -- Performing Test CMAKE_HAVE_LIBC_PTHREAD - Success
[3.169s] -- Found Threads: TRUE  
[3.714s] -- Found controller_manager: 2.37.0 (/opt/ros/humble/share/controller_manager/cmake)
[4.240s] -- Found ament_lint_auto: 0.12.10 (/opt/ros/humble/share/ament_lint_auto/cmake)
[4.431s] -- Added test 'cppcheck' to perform static code analysis on C / C++ code
[4.431s] -- Configured cppcheck include dirs: /home/hephaestus/ros2_ws/src/diy_robotarm_wer24_driver/include
[4.431s] -- Configured cppcheck exclude dirs and/or files: 
[4.437s] -- Added test 'flake8' to check Python code syntax and style conventions
[4.448s] -- Added test 'lint_cmake' to check CMake code style
[4.454s] -- Added test 'pep257' to check Python code against some of the docstring style conventions in PEP 257
[4.497s] -- Added test 'uncrustify' to check C / C++ code style
[4.497s] -- Configured uncrustify additional arguments: 
[4.503s] -- Added test 'xmllint' to check XML markup files
[4.515s] -- Configuring done
[4.533s] -- Generating done
[4.538s] -- Build files have been written to: /home/hephaestus/ros2_ws/src/diy_robotarm_wer24_driver/build/diy_robotarm_wer24_driver
[4.599s] Invoked command in '/home/hephaestus/ros2_ws/src/diy_robotarm_wer24_driver/build/diy_robotarm_wer24_driver' returned '0': CMAKE_PREFIX_PATH=${CMAKE_PREFIX_PATH}:/opt/ros/humble /usr/bin/cmake --build /home/hephaestus/ros2_ws/src/diy_robotarm_wer24_driver/build/diy_robotarm_wer24_driver -- -j8 -l8
[4.678s] Invoking command in '/home/hephaestus/ros2_ws/src/diy_robotarm_wer24_driver/build/diy_robotarm_wer24_driver': CMAKE_PREFIX_PATH=${CMAKE_PREFIX_PATH}:/opt/ros/humble /usr/bin/cmake --install /home/hephaestus/ros2_ws/src/diy_robotarm_wer24_driver/build/diy_robotarm_wer24_driver
[4.694s] -- Install configuration: ""
[4.695s] -- Installing: /home/hephaestus/ros2_ws/src/diy_robotarm_wer24_driver/install/diy_robotarm_wer24_driver/include
[4.695s] -- Installing: /home/hephaestus/ros2_ws/src/diy_robotarm_wer24_driver/install/diy_robotarm_wer24_driver/include/esp32_robot_driver
[4.695s] -- Installing: /home/hephaestus/ros2_ws/src/diy_robotarm_wer24_driver/install/diy_robotarm_wer24_driver/include/esp32_robot_driver/data_format.hpp
[4.696s] -- Installing: /home/hephaestus/ros2_ws/src/diy_robotarm_wer24_driver/install/diy_robotarm_wer24_driver/include/esp32_robot_driver/robot_connection.hpp
[4.696s] -- Installing: /home/hephaestus/ros2_ws/src/diy_robotarm_wer24_driver/install/diy_robotarm_wer24_driver/include/esp32_robot_driver/esp32_interface.hpp
[4.696s] -- Up-to-date: /home/hephaestus/ros2_ws/src/diy_robotarm_wer24_driver/install/diy_robotarm_wer24_driver/share/diy_robotarm_wer24_driver//launch
[4.697s] -- Installing: /home/hephaestus/ros2_ws/src/diy_robotarm_wer24_driver/install/diy_robotarm_wer24_driver/share/diy_robotarm_wer24_driver//launch/visualize.launch.py
[4.697s] -- Up-to-date: /home/hephaestus/ros2_ws/src/diy_robotarm_wer24_driver/install/diy_robotarm_wer24_driver/share/diy_robotarm_wer24_driver//config
[4.697s] -- Installing: /home/hephaestus/ros2_ws/src/diy_robotarm_wer24_driver/install/diy_robotarm_wer24_driver/share/diy_robotarm_wer24_driver//config/esp32_controller.yaml
[4.709s] -- Installing: /home/hephaestus/ros2_ws/src/diy_robotarm_wer24_driver/install/diy_robotarm_wer24_driver/share/diy_robotarm_wer24_driver/esp32_interface_plugin.xml
[4.709s] -- Installing: /home/hephaestus/ros2_ws/src/diy_robotarm_wer24_driver/install/diy_robotarm_wer24_driver/share/ament_index/resource_index/package_run_dependencies/diy_robotarm_wer24_driver
[4.710s] -- Up-to-date: /home/hephaestus/ros2_ws/src/diy_robotarm_wer24_driver/install/diy_robotarm_wer24_driver/share/ament_index/resource_index/parent_prefix_path/diy_robotarm_wer24_driver
[4.710s] -- Installing: /home/hephaestus/ros2_ws/src/diy_robotarm_wer24_driver/install/diy_robotarm_wer24_driver/share/diy_robotarm_wer24_driver/environment/ament_prefix_path.sh
[4.711s] -- Installing: /home/hephaestus/ros2_ws/src/diy_robotarm_wer24_driver/install/diy_robotarm_wer24_driver/share/diy_robotarm_wer24_driver/environment/ament_prefix_path.dsv
[4.711s] -- Installing: /home/hephaestus/ros2_ws/src/diy_robotarm_wer24_driver/install/diy_robotarm_wer24_driver/share/diy_robotarm_wer24_driver/environment/path.sh
[4.711s] -- Installing: /home/hephaestus/ros2_ws/src/diy_robotarm_wer24_driver/install/diy_robotarm_wer24_driver/share/diy_robotarm_wer24_driver/environment/path.dsv
[4.712s] -- Up-to-date: /home/hephaestus/ros2_ws/src/diy_robotarm_wer24_driver/install/diy_robotarm_wer24_driver/share/diy_robotarm_wer24_driver/local_setup.bash
[4.712s] -- Up-to-date: /home/hephaestus/ros2_ws/src/diy_robotarm_wer24_driver/install/diy_robotarm_wer24_driver/share/diy_robotarm_wer24_driver/local_setup.sh
[4.713s] -- Up-to-date: /home/hephaestus/ros2_ws/src/diy_robotarm_wer24_driver/install/diy_robotarm_wer24_driver/share/diy_robotarm_wer24_driver/local_setup.zsh
[4.713s] -- Installing: /home/hephaestus/ros2_ws/src/diy_robotarm_wer24_driver/install/diy_robotarm_wer24_driver/share/diy_robotarm_wer24_driver/local_setup.dsv
[4.713s] -- Installing: /home/hephaestus/ros2_ws/src/diy_robotarm_wer24_driver/install/diy_robotarm_wer24_driver/share/diy_robotarm_wer24_driver/package.dsv
[4.714s] -- Up-to-date: /home/hephaestus/ros2_ws/src/diy_robotarm_wer24_driver/install/diy_robotarm_wer24_driver/share/ament_index/resource_index/packages/diy_robotarm_wer24_driver
[4.714s] -- Installing: /home/hephaestus/ros2_ws/src/diy_robotarm_wer24_driver/install/diy_robotarm_wer24_driver/share/ament_index/resource_index/controller_interface__pluginlib__plugin/diy_robotarm_wer24_driver
[4.714s] -- Up-to-date: /home/hephaestus/ros2_ws/src/diy_robotarm_wer24_driver/install/diy_robotarm_wer24_driver/share/diy_robotarm_wer24_driver/cmake/diy_robotarm_wer24_driverConfig.cmake
[4.715s] -- Up-to-date: /home/hephaestus/ros2_ws/src/diy_robotarm_wer24_driver/install/diy_robotarm_wer24_driver/share/diy_robotarm_wer24_driver/cmake/diy_robotarm_wer24_driverConfig-version.cmake
[4.715s] -- Installing: /home/hephaestus/ros2_ws/src/diy_robotarm_wer24_driver/install/diy_robotarm_wer24_driver/share/diy_robotarm_wer24_driver/package.xml
[4.720s] Invoked command in '/home/hephaestus/ros2_ws/src/diy_robotarm_wer24_driver/build/diy_robotarm_wer24_driver' returned '0': CMAKE_PREFIX_PATH=${CMAKE_PREFIX_PATH}:/opt/ros/humble /usr/bin/cmake --install /home/hephaestus/ros2_ws/src/diy_robotarm_wer24_driver/build/diy_robotarm_wer24_driver
