[2.316s] DEBUG:colcon:Command line arguments: ['/usr/bin/colcon', 'build']
[2.317s] DEBUG:colcon:Parsed command line arguments: Namespace(log_base=None, log_level=None, verb_name='build', build_base='build', install_base='install', merge_install=False, symlink_install=False, test_result_base=None, continue_on_error=False, executor='parallel', parallel_workers=8, event_handlers=None, ignore_user_meta=False, metas=['./colcon.meta'], base_paths=['.'], packages_ignore=None, packages_ignore_regex=None, paths=None, packages_up_to=None, packages_up_to_regex=None, packages_above=None, packages_above_and_dependencies=None, packages_above_depth=None, packages_select_by_dep=None, packages_skip_by_dep=None, packages_skip_up_to=None, packages_select_build_failed=False, packages_skip_build_finished=False, packages_select_test_failures=False, packages_skip_test_passed=False, packages_select=None, packages_skip=None, packages_select_regex=None, packages_skip_regex=None, packages_start=None, packages_end=None, cmake_args=None, cmake_target=None, cmake_target_skip_unavailable=False, cmake_clean_cache=False, cmake_clean_first=False, cmake_force_configure=False, ament_cmake_args=None, catkin_cmake_args=None, catkin_skip_building_tests=False, mixin_files=None, mixin=None, verb_parser=<colcon_mixin.mixin.mixin_argument.MixinArgumentDecorator object at 0x7f81a5423550>, verb_extension=<colcon_core.verb.build.BuildVerb object at 0x7f81a5863550>, main=<bound method BuildVerb.main of <colcon_core.verb.build.BuildVerb object at 0x7f81a5863550>>, mixin_verb=('build',))
[2.413s] Level 1:colcon.colcon_core.package_discovery:discover_packages(colcon_meta) check parameters
[2.414s] Level 1:colcon.colcon_core.package_discovery:discover_packages(recursive) check parameters
[2.414s] Level 1:colcon.colcon_core.package_discovery:discover_packages(ignore) check parameters
[2.414s] Level 1:colcon.colcon_core.package_discovery:discover_packages(path) check parameters
[2.414s] Level 1:colcon.colcon_core.package_discovery:discover_packages(colcon_meta) discover
[2.414s] Level 1:colcon.colcon_core.package_discovery:discover_packages(recursive) discover
[2.414s] INFO:colcon.colcon_core.package_discovery:Crawling recursively for packages in '/home/hephaestus/ros2_ws/src/diy_robotarm_wer24_driver'
[2.414s] Level 1:colcon.colcon_core.package_identification:_identify(.) by extensions ['ignore', 'ignore_ament_install']
[2.415s] Level 1:colcon.colcon_core.package_identification:_identify(.) by extension 'ignore'
[2.415s] Level 1:colcon.colcon_core.package_identification:_identify(.) by extension 'ignore_ament_install'
[2.415s] Level 1:colcon.colcon_core.package_identification:_identify(.) by extensions ['colcon_pkg']
[2.415s] Level 1:colcon.colcon_core.package_identification:_identify(.) by extension 'colcon_pkg'
[2.415s] Level 1:colcon.colcon_core.package_identification:_identify(.) by extensions ['colcon_meta']
[2.415s] Level 1:colcon.colcon_core.package_identification:_identify(.) by extension 'colcon_meta'
[2.415s] Level 1:colcon.colcon_core.package_identification:_identify(.) by extensions ['ros']
[2.415s] Level 1:colcon.colcon_core.package_identification:_identify(.) by extension 'ros'
[2.458s] DEBUG:colcon.colcon_core.package_identification:Package '.' with type 'ros.ament_cmake' and name 'diy_robotarm_wer24_driver'
[2.458s] Level 1:colcon.colcon_core.package_discovery:discover_packages(recursive) using defaults
[2.458s] Level 1:colcon.colcon_core.package_discovery:discover_packages(ignore) discover
[2.458s] Level 1:colcon.colcon_core.package_discovery:discover_packages(ignore) using defaults
[2.458s] Level 1:colcon.colcon_core.package_discovery:discover_packages(path) discover
[2.458s] Level 1:colcon.colcon_core.package_discovery:discover_packages(path) using defaults
[2.603s] Level 5:colcon.colcon_core.verb:set package 'diy_robotarm_wer24_driver' build argument 'cmake_args' from command line to 'None'
[2.603s] Level 5:colcon.colcon_core.verb:set package 'diy_robotarm_wer24_driver' build argument 'cmake_target' from command line to 'None'
[2.603s] Level 5:colcon.colcon_core.verb:set package 'diy_robotarm_wer24_driver' build argument 'cmake_target_skip_unavailable' from command line to 'False'
[2.603s] Level 5:colcon.colcon_core.verb:set package 'diy_robotarm_wer24_driver' build argument 'cmake_clean_cache' from command line to 'False'
[2.603s] Level 5:colcon.colcon_core.verb:set package 'diy_robotarm_wer24_driver' build argument 'cmake_clean_first' from command line to 'False'
[2.603s] Level 5:colcon.colcon_core.verb:set package 'diy_robotarm_wer24_driver' build argument 'cmake_force_configure' from command line to 'False'
[2.603s] Level 5:colcon.colcon_core.verb:set package 'diy_robotarm_wer24_driver' build argument 'ament_cmake_args' from command line to 'None'
[2.603s] Level 5:colcon.colcon_core.verb:set package 'diy_robotarm_wer24_driver' build argument 'catkin_cmake_args' from command line to 'None'
[2.603s] Level 5:colcon.colcon_core.verb:set package 'diy_robotarm_wer24_driver' build argument 'catkin_skip_building_tests' from command line to 'False'
[2.604s] DEBUG:colcon.colcon_core.verb:Building package 'diy_robotarm_wer24_driver' with the following arguments: {'ament_cmake_args': None, 'build_base': '/home/hephaestus/ros2_ws/src/diy_robotarm_wer24_driver/build/diy_robotarm_wer24_driver', 'catkin_cmake_args': None, 'catkin_skip_building_tests': False, 'cmake_args': None, 'cmake_clean_cache': False, 'cmake_clean_first': False, 'cmake_force_configure': False, 'cmake_target': None, 'cmake_target_skip_unavailable': False, 'install_base': '/home/hephaestus/ros2_ws/src/diy_robotarm_wer24_driver/install/diy_robotarm_wer24_driver', 'merge_install': False, 'path': '/home/hephaestus/ros2_ws/src/diy_robotarm_wer24_driver', 'symlink_install': False, 'test_result_base': None}
[2.629s] INFO:colcon.colcon_core.executor:Executing jobs using 'parallel' executor
[2.659s] DEBUG:colcon.colcon_parallel_executor.executor.parallel:run_until_complete
[2.660s] INFO:colcon.colcon_ros.task.ament_cmake.build:Building ROS package in '/home/hephaestus/ros2_ws/src/diy_robotarm_wer24_driver' with build type 'ament_cmake'
[2.660s] INFO:colcon.colcon_cmake.task.cmake.build:Building CMake package in '/home/hephaestus/ros2_ws/src/diy_robotarm_wer24_driver'
[2.690s] INFO:colcon.colcon_core.plugin_system:Skipping extension 'colcon_core.shell.bat': Not used on non-Windows systems
[2.691s] INFO:colcon.colcon_core.shell:Skip shell extension 'powershell' for command environment: Not usable outside of PowerShell
[2.691s] DEBUG:colcon.colcon_core.shell:Skip shell extension 'dsv' for command environment
[2.850s] DEBUG:colcon.colcon_core.event_handler.log_command:Invoking command in '/home/hephaestus/ros2_ws/src/diy_robotarm_wer24_driver/build/diy_robotarm_wer24_driver': CMAKE_PREFIX_PATH=${CMAKE_PREFIX_PATH}:/opt/ros/humble /usr/bin/cmake --build /home/hephaestus/ros2_ws/src/diy_robotarm_wer24_driver/build/diy_robotarm_wer24_driver -- -j8 -l8
[7.259s] DEBUG:colcon.colcon_core.event_handler.log_command:Invoked command in '/home/hephaestus/ros2_ws/src/diy_robotarm_wer24_driver/build/diy_robotarm_wer24_driver' returned '0': CMAKE_PREFIX_PATH=${CMAKE_PREFIX_PATH}:/opt/ros/humble /usr/bin/cmake --build /home/hephaestus/ros2_ws/src/diy_robotarm_wer24_driver/build/diy_robotarm_wer24_driver -- -j8 -l8
[7.339s] DEBUG:colcon.colcon_core.event_handler.log_command:Invoking command in '/home/hephaestus/ros2_ws/src/diy_robotarm_wer24_driver/build/diy_robotarm_wer24_driver': CMAKE_PREFIX_PATH=${CMAKE_PREFIX_PATH}:/opt/ros/humble /usr/bin/cmake --install /home/hephaestus/ros2_ws/src/diy_robotarm_wer24_driver/build/diy_robotarm_wer24_driver
[7.379s] Level 1:colcon.colcon_core.environment:create_environment_scripts_only(diy_robotarm_wer24_driver)
[7.380s] DEBUG:colcon.colcon_core.event_handler.log_command:Invoked command in '/home/hephaestus/ros2_ws/src/diy_robotarm_wer24_driver/build/diy_robotarm_wer24_driver' returned '0': CMAKE_PREFIX_PATH=${CMAKE_PREFIX_PATH}:/opt/ros/humble /usr/bin/cmake --install /home/hephaestus/ros2_ws/src/diy_robotarm_wer24_driver/build/diy_robotarm_wer24_driver
[7.434s] Level 1:colcon.colcon_core.environment:checking '/home/hephaestus/ros2_ws/src/diy_robotarm_wer24_driver/install/diy_robotarm_wer24_driver' for CMake module files
[7.436s] Level 1:colcon.colcon_core.environment:checking '/home/hephaestus/ros2_ws/src/diy_robotarm_wer24_driver/install/diy_robotarm_wer24_driver' for CMake config files
[7.437s] Level 1:colcon.colcon_core.shell:create_environment_hook('diy_robotarm_wer24_driver', 'cmake_prefix_path')
[7.466s] INFO:colcon.colcon_core.shell:Creating environment hook '/home/hephaestus/ros2_ws/src/diy_robotarm_wer24_driver/install/diy_robotarm_wer24_driver/share/diy_robotarm_wer24_driver/hook/cmake_prefix_path.ps1'
[7.467s] INFO:colcon.colcon_core.shell:Creating environment descriptor '/home/hephaestus/ros2_ws/src/diy_robotarm_wer24_driver/install/diy_robotarm_wer24_driver/share/diy_robotarm_wer24_driver/hook/cmake_prefix_path.dsv'
[7.468s] INFO:colcon.colcon_core.shell:Creating environment hook '/home/hephaestus/ros2_ws/src/diy_robotarm_wer24_driver/install/diy_robotarm_wer24_driver/share/diy_robotarm_wer24_driver/hook/cmake_prefix_path.sh'
[7.470s] Level 1:colcon.colcon_core.environment:checking '/home/hephaestus/ros2_ws/src/diy_robotarm_wer24_driver/install/diy_robotarm_wer24_driver/bin'
[7.470s] Level 1:colcon.colcon_core.environment:checking '/home/hephaestus/ros2_ws/src/diy_robotarm_wer24_driver/install/diy_robotarm_wer24_driver/lib/pkgconfig/diy_robotarm_wer24_driver.pc'
[7.473s] Level 1:colcon.colcon_core.environment:checking '/home/hephaestus/ros2_ws/src/diy_robotarm_wer24_driver/install/diy_robotarm_wer24_driver/lib/python3.10/site-packages'
[7.474s] Level 1:colcon.colcon_core.environment:checking '/home/hephaestus/ros2_ws/src/diy_robotarm_wer24_driver/install/diy_robotarm_wer24_driver/bin'
[7.500s] INFO:colcon.colcon_core.shell:Creating package script '/home/hephaestus/ros2_ws/src/diy_robotarm_wer24_driver/install/diy_robotarm_wer24_driver/share/diy_robotarm_wer24_driver/package.ps1'
[7.502s] INFO:colcon.colcon_core.shell:Creating package descriptor '/home/hephaestus/ros2_ws/src/diy_robotarm_wer24_driver/install/diy_robotarm_wer24_driver/share/diy_robotarm_wer24_driver/package.dsv'
[7.502s] INFO:colcon.colcon_core.shell:Creating package script '/home/hephaestus/ros2_ws/src/diy_robotarm_wer24_driver/install/diy_robotarm_wer24_driver/share/diy_robotarm_wer24_driver/package.sh'
[7.504s] INFO:colcon.colcon_core.shell:Creating package script '/home/hephaestus/ros2_ws/src/diy_robotarm_wer24_driver/install/diy_robotarm_wer24_driver/share/diy_robotarm_wer24_driver/package.bash'
[7.505s] INFO:colcon.colcon_core.shell:Creating package script '/home/hephaestus/ros2_ws/src/diy_robotarm_wer24_driver/install/diy_robotarm_wer24_driver/share/diy_robotarm_wer24_driver/package.zsh'
[7.506s] Level 1:colcon.colcon_core.environment:create_file_with_runtime_dependencies(/home/hephaestus/ros2_ws/src/diy_robotarm_wer24_driver/install/diy_robotarm_wer24_driver/share/colcon-core/packages/diy_robotarm_wer24_driver)
[7.594s] Level 1:colcon.colcon_core.environment:create_environment_scripts_only(diy_robotarm_wer24_driver)
[7.623s] Level 1:colcon.colcon_core.environment:checking '/home/hephaestus/ros2_ws/src/diy_robotarm_wer24_driver/install/diy_robotarm_wer24_driver' for CMake module files
[7.625s] Level 1:colcon.colcon_core.environment:checking '/home/hephaestus/ros2_ws/src/diy_robotarm_wer24_driver/install/diy_robotarm_wer24_driver' for CMake config files
[7.626s] Level 1:colcon.colcon_core.shell:create_environment_hook('diy_robotarm_wer24_driver', 'cmake_prefix_path')
[7.653s] INFO:colcon.colcon_core.shell:Creating environment hook '/home/hephaestus/ros2_ws/src/diy_robotarm_wer24_driver/install/diy_robotarm_wer24_driver/share/diy_robotarm_wer24_driver/hook/cmake_prefix_path.ps1'
[7.654s] INFO:colcon.colcon_core.shell:Creating environment descriptor '/home/hephaestus/ros2_ws/src/diy_robotarm_wer24_driver/install/diy_robotarm_wer24_driver/share/diy_robotarm_wer24_driver/hook/cmake_prefix_path.dsv'
[7.654s] INFO:colcon.colcon_core.shell:Creating environment hook '/home/hephaestus/ros2_ws/src/diy_robotarm_wer24_driver/install/diy_robotarm_wer24_driver/share/diy_robotarm_wer24_driver/hook/cmake_prefix_path.sh'
[7.655s] Level 1:colcon.colcon_core.environment:checking '/home/hephaestus/ros2_ws/src/diy_robotarm_wer24_driver/install/diy_robotarm_wer24_driver/bin'
[7.655s] Level 1:colcon.colcon_core.environment:checking '/home/hephaestus/ros2_ws/src/diy_robotarm_wer24_driver/install/diy_robotarm_wer24_driver/lib/pkgconfig/diy_robotarm_wer24_driver.pc'
[7.656s] Level 1:colcon.colcon_core.environment:checking '/home/hephaestus/ros2_ws/src/diy_robotarm_wer24_driver/install/diy_robotarm_wer24_driver/lib/python3.10/site-packages'
[7.656s] Level 1:colcon.colcon_core.environment:checking '/home/hephaestus/ros2_ws/src/diy_robotarm_wer24_driver/install/diy_robotarm_wer24_driver/bin'
[7.681s] INFO:colcon.colcon_core.shell:Creating package script '/home/hephaestus/ros2_ws/src/diy_robotarm_wer24_driver/install/diy_robotarm_wer24_driver/share/diy_robotarm_wer24_driver/package.ps1'
[7.682s] INFO:colcon.colcon_core.shell:Creating package descriptor '/home/hephaestus/ros2_ws/src/diy_robotarm_wer24_driver/install/diy_robotarm_wer24_driver/share/diy_robotarm_wer24_driver/package.dsv'
[7.683s] INFO:colcon.colcon_core.shell:Creating package script '/home/hephaestus/ros2_ws/src/diy_robotarm_wer24_driver/install/diy_robotarm_wer24_driver/share/diy_robotarm_wer24_driver/package.sh'
[7.683s] INFO:colcon.colcon_core.shell:Creating package script '/home/hephaestus/ros2_ws/src/diy_robotarm_wer24_driver/install/diy_robotarm_wer24_driver/share/diy_robotarm_wer24_driver/package.bash'
[7.684s] INFO:colcon.colcon_core.shell:Creating package script '/home/hephaestus/ros2_ws/src/diy_robotarm_wer24_driver/install/diy_robotarm_wer24_driver/share/diy_robotarm_wer24_driver/package.zsh'
[7.685s] Level 1:colcon.colcon_core.environment:create_file_with_runtime_dependencies(/home/hephaestus/ros2_ws/src/diy_robotarm_wer24_driver/install/diy_robotarm_wer24_driver/share/colcon-core/packages/diy_robotarm_wer24_driver)
[7.686s] DEBUG:colcon.colcon_parallel_executor.executor.parallel:closing loop
[7.687s] DEBUG:colcon.colcon_parallel_executor.executor.parallel:loop closed
[7.687s] DEBUG:colcon.colcon_parallel_executor.executor.parallel:run_until_complete finished with '0'
[7.687s] DEBUG:colcon.colcon_core.event_reactor:joining thread
[7.746s] INFO:colcon.colcon_core.plugin_system:Skipping extension 'colcon_notification.desktop_notification.notify_send': Could not find 'notify-send'
[7.747s] INFO:colcon.colcon_core.plugin_system:Skipping extension 'colcon_notification.desktop_notification.terminal_notifier': Not used on non-Darwin systems
[7.747s] INFO:colcon.colcon_core.plugin_system:Skipping extension 'colcon_notification.desktop_notification.win32': Not used on non-Windows systems
[7.747s] INFO:colcon.colcon_notification.desktop_notification:Sending desktop notification using 'notify2'
[7.754s] DEBUG:colcon.colcon_notification.desktop_notification.notify2:Failed to initialize notify2: org.freedesktop.DBus.Error.Spawn.ExecFailed: /usr/bin/dbus-launch terminated abnormally without any error message
[7.755s] DEBUG:colcon.colcon_core.event_reactor:joined thread
[7.782s] INFO:colcon.colcon_core.shell:Creating prefix script '/home/hephaestus/ros2_ws/src/diy_robotarm_wer24_driver/install/local_setup.ps1'
[7.784s] INFO:colcon.colcon_core.shell:Creating prefix util module '/home/hephaestus/ros2_ws/src/diy_robotarm_wer24_driver/install/_local_setup_util_ps1.py'
[7.786s] INFO:colcon.colcon_core.shell:Creating prefix chain script '/home/hephaestus/ros2_ws/src/diy_robotarm_wer24_driver/install/setup.ps1'
[7.813s] INFO:colcon.colcon_core.shell:Creating prefix script '/home/hephaestus/ros2_ws/src/diy_robotarm_wer24_driver/install/local_setup.sh'
[7.814s] INFO:colcon.colcon_core.shell:Creating prefix util module '/home/hephaestus/ros2_ws/src/diy_robotarm_wer24_driver/install/_local_setup_util_sh.py'
[7.815s] INFO:colcon.colcon_core.shell:Creating prefix chain script '/home/hephaestus/ros2_ws/src/diy_robotarm_wer24_driver/install/setup.sh'
[7.849s] INFO:colcon.colcon_core.shell:Creating prefix script '/home/hephaestus/ros2_ws/src/diy_robotarm_wer24_driver/install/local_setup.bash'
[7.850s] INFO:colcon.colcon_core.shell:Creating prefix chain script '/home/hephaestus/ros2_ws/src/diy_robotarm_wer24_driver/install/setup.bash'
[7.880s] INFO:colcon.colcon_core.shell:Creating prefix script '/home/hephaestus/ros2_ws/src/diy_robotarm_wer24_driver/install/local_setup.zsh'
[7.882s] INFO:colcon.colcon_core.shell:Creating prefix chain script '/home/hephaestus/ros2_ws/src/diy_robotarm_wer24_driver/install/setup.zsh'
