-- The C compiler identification is GNU 11.4.0
-- The CXX compiler identification is GNU 11.4.0
-- Detecting C compiler ABI info
-- Detecting C compiler ABI info - done
-- Check for working C compiler: /usr/bin/cc - skipped
-- Detecting C compile features
-- Detecting C compile features - done
-- Detecting CXX compiler ABI info
-- Detecting CXX compiler ABI info - done
-- Check for working CXX compiler: /usr/bin/c++ - skipped
-- Detecting CXX compile features
-- Detecting CXX compile features - done
-- Found ament_cmake: 1.3.6 (/opt/ros/humble/share/ament_cmake/cmake)
-- Found Python3: /usr/bin/python3.10 (found version "3.10.12") found components: Interpreter 
-- Found diy_robotarm_wer24_description: 0.0.0 (/home/hephaestus/dependencies/diy_robotarm_wer24_description_ws/install/diy_robotarm_wer24_description/share/diy_robotarm_wer24_description/cmake)
-- Found diy_soft_gripper_description: 0.0.0 (/home/hephaestus/dependencies/diy_soft_gripper_description_ws/install/diy_soft_gripper_description/share/diy_soft_gripper_description/cmake)
-- Found diy_robot_full_cell_description: 0.0.0 (/home/hephaestus/dependencies/diy_robot_full_cell_description_ws/install/diy_robot_full_cell_description/share/diy_robot_full_cell_description/cmake)
-- Found xacro: 2.0.8 (/opt/ros/humble/share/xacro/cmake)
-- Configuring incomplete, errors occurred!
See also "/home/hephaestus/ros2_ws/src/diy_robotarm_wer24_driver/build/diy_robotarm_wer24_driver/CMakeFiles/CMakeOutput.log".
