[1.230s] DEBUG:colcon:Command line arguments: ['/usr/bin/colcon', 'build']
[1.230s] DEBUG:colcon:Parsed command line arguments: Namespace(log_base=None, log_level=None, verb_name='build', build_base='build', install_base='install', merge_install=False, symlink_install=False, test_result_base=None, continue_on_error=False, executor='parallel', parallel_workers=8, event_handlers=None, ignore_user_meta=False, metas=['./colcon.meta'], base_paths=['.'], packages_ignore=None, packages_ignore_regex=None, paths=None, packages_up_to=None, packages_up_to_regex=None, packages_above=None, packages_above_and_dependencies=None, packages_above_depth=None, packages_select_by_dep=None, packages_skip_by_dep=None, packages_skip_up_to=None, packages_select_build_failed=False, packages_skip_build_finished=False, packages_select_test_failures=False, packages_skip_test_passed=False, packages_select=None, packages_skip=None, packages_select_regex=None, packages_skip_regex=None, packages_start=None, packages_end=None, cmake_args=None, cmake_target=None, cmake_target_skip_unavailable=False, cmake_clean_cache=False, cmake_clean_first=False, cmake_force_configure=False, ament_cmake_args=None, catkin_cmake_args=None, catkin_skip_building_tests=False, mixin_files=None, mixin=None, verb_parser=<colcon_mixin.mixin.mixin_argument.MixinArgumentDecorator object at 0x7fd2a637da50>, verb_extension=<colcon_core.verb.build.BuildVerb object at 0x7fd2a67a6500>, main=<bound method BuildVerb.main of <colcon_core.verb.build.BuildVerb object at 0x7fd2a67a6500>>, mixin_verb=('build',))
[1.281s] Level 1:colcon.colcon_core.package_discovery:discover_packages(colcon_meta) check parameters
[1.281s] Level 1:colcon.colcon_core.package_discovery:discover_packages(recursive) check parameters
[1.281s] Level 1:colcon.colcon_core.package_discovery:discover_packages(ignore) check parameters
[1.282s] Level 1:colcon.colcon_core.package_discovery:discover_packages(path) check parameters
[1.282s] Level 1:colcon.colcon_core.package_discovery:discover_packages(colcon_meta) discover
[1.282s] Level 1:colcon.colcon_core.package_discovery:discover_packages(recursive) discover
[1.282s] INFO:colcon.colcon_core.package_discovery:Crawling recursively for packages in '/home/hephaestus/ros2_ws/src/diy_robotarm_wer24_driver'
[1.282s] Level 1:colcon.colcon_core.package_identification:_identify(.) by extensions ['ignore', 'ignore_ament_install']
[1.282s] Level 1:colcon.colcon_core.package_identification:_identify(.) by extension 'ignore'
[1.282s] Level 1:colcon.colcon_core.package_identification:_identify(.) by extension 'ignore_ament_install'
[1.282s] Level 1:colcon.colcon_core.package_identification:_identify(.) by extensions ['colcon_pkg']
[1.282s] Level 1:colcon.colcon_core.package_identification:_identify(.) by extension 'colcon_pkg'
[1.282s] Level 1:colcon.colcon_core.package_identification:_identify(.) by extensions ['colcon_meta']
[1.282s] Level 1:colcon.colcon_core.package_identification:_identify(.) by extension 'colcon_meta'
[1.282s] Level 1:colcon.colcon_core.package_identification:_identify(.) by extensions ['ros']
[1.282s] Level 1:colcon.colcon_core.package_identification:_identify(.) by extension 'ros'
[1.297s] DEBUG:colcon.colcon_core.package_identification:Package '.' with type 'ros.ament_cmake' and name 'diy_robotarm_wer24_driver'
[1.297s] Level 1:colcon.colcon_core.package_discovery:discover_packages(recursive) using defaults
[1.297s] Level 1:colcon.colcon_core.package_discovery:discover_packages(ignore) discover
[1.298s] Level 1:colcon.colcon_core.package_discovery:discover_packages(ignore) using defaults
[1.298s] Level 1:colcon.colcon_core.package_discovery:discover_packages(path) discover
[1.298s] Level 1:colcon.colcon_core.package_discovery:discover_packages(path) using defaults
[1.374s] Level 5:colcon.colcon_core.verb:set package 'diy_robotarm_wer24_driver' build argument 'cmake_args' from command line to 'None'
[1.374s] Level 5:colcon.colcon_core.verb:set package 'diy_robotarm_wer24_driver' build argument 'cmake_target' from command line to 'None'
[1.374s] Level 5:colcon.colcon_core.verb:set package 'diy_robotarm_wer24_driver' build argument 'cmake_target_skip_unavailable' from command line to 'False'
[1.374s] Level 5:colcon.colcon_core.verb:set package 'diy_robotarm_wer24_driver' build argument 'cmake_clean_cache' from command line to 'False'
[1.374s] Level 5:colcon.colcon_core.verb:set package 'diy_robotarm_wer24_driver' build argument 'cmake_clean_first' from command line to 'False'
[1.374s] Level 5:colcon.colcon_core.verb:set package 'diy_robotarm_wer24_driver' build argument 'cmake_force_configure' from command line to 'False'
[1.374s] Level 5:colcon.colcon_core.verb:set package 'diy_robotarm_wer24_driver' build argument 'ament_cmake_args' from command line to 'None'
[1.374s] Level 5:colcon.colcon_core.verb:set package 'diy_robotarm_wer24_driver' build argument 'catkin_cmake_args' from command line to 'None'
[1.374s] Level 5:colcon.colcon_core.verb:set package 'diy_robotarm_wer24_driver' build argument 'catkin_skip_building_tests' from command line to 'False'
[1.375s] DEBUG:colcon.colcon_core.verb:Building package 'diy_robotarm_wer24_driver' with the following arguments: {'ament_cmake_args': None, 'build_base': '/home/hephaestus/ros2_ws/src/diy_robotarm_wer24_driver/build/diy_robotarm_wer24_driver', 'catkin_cmake_args': None, 'catkin_skip_building_tests': False, 'cmake_args': None, 'cmake_clean_cache': False, 'cmake_clean_first': False, 'cmake_force_configure': False, 'cmake_target': None, 'cmake_target_skip_unavailable': False, 'install_base': '/home/hephaestus/ros2_ws/src/diy_robotarm_wer24_driver/install/diy_robotarm_wer24_driver', 'merge_install': False, 'path': '/home/hephaestus/ros2_ws/src/diy_robotarm_wer24_driver', 'symlink_install': False, 'test_result_base': None}
[1.388s] INFO:colcon.colcon_core.executor:Executing jobs using 'parallel' executor
[1.404s] DEBUG:colcon.colcon_parallel_executor.executor.parallel:run_until_complete
[1.404s] INFO:colcon.colcon_ros.task.ament_cmake.build:Building ROS package in '/home/hephaestus/ros2_ws/src/diy_robotarm_wer24_driver' with build type 'ament_cmake'
[1.404s] INFO:colcon.colcon_cmake.task.cmake.build:Building CMake package in '/home/hephaestus/ros2_ws/src/diy_robotarm_wer24_driver'
[1.424s] INFO:colcon.colcon_core.plugin_system:Skipping extension 'colcon_core.shell.bat': Not used on non-Windows systems
[1.424s] INFO:colcon.colcon_core.shell:Skip shell extension 'powershell' for command environment: Not usable outside of PowerShell
[1.424s] DEBUG:colcon.colcon_core.shell:Skip shell extension 'dsv' for command environment
[1.518s] DEBUG:colcon.colcon_core.event_handler.log_command:Invoking command in '/home/hephaestus/ros2_ws/src/diy_robotarm_wer24_driver/build/diy_robotarm_wer24_driver': CMAKE_PREFIX_PATH=${CMAKE_PREFIX_PATH}:/opt/ros/humble /usr/bin/cmake /home/hephaestus/ros2_ws/src/diy_robotarm_wer24_driver -DCMAKE_INSTALL_PREFIX=/home/hephaestus/ros2_ws/src/diy_robotarm_wer24_driver/install/diy_robotarm_wer24_driver
[2.023s] DEBUG:colcon.colcon_core.event_handler.log_command:Invoked command in '/home/hephaestus/ros2_ws/src/diy_robotarm_wer24_driver/build/diy_robotarm_wer24_driver' returned '0': CMAKE_PREFIX_PATH=${CMAKE_PREFIX_PATH}:/opt/ros/humble /usr/bin/cmake /home/hephaestus/ros2_ws/src/diy_robotarm_wer24_driver -DCMAKE_INSTALL_PREFIX=/home/hephaestus/ros2_ws/src/diy_robotarm_wer24_driver/install/diy_robotarm_wer24_driver
[2.026s] DEBUG:colcon.colcon_core.event_handler.log_command:Invoking command in '/home/hephaestus/ros2_ws/src/diy_robotarm_wer24_driver/build/diy_robotarm_wer24_driver': CMAKE_PREFIX_PATH=${CMAKE_PREFIX_PATH}:/opt/ros/humble /usr/bin/cmake --build /home/hephaestus/ros2_ws/src/diy_robotarm_wer24_driver/build/diy_robotarm_wer24_driver -- -j8 -l8
[2.104s] DEBUG:colcon.colcon_core.event_handler.log_command:Invoked command in '/home/hephaestus/ros2_ws/src/diy_robotarm_wer24_driver/build/diy_robotarm_wer24_driver' returned '0': CMAKE_PREFIX_PATH=${CMAKE_PREFIX_PATH}:/opt/ros/humble /usr/bin/cmake --build /home/hephaestus/ros2_ws/src/diy_robotarm_wer24_driver/build/diy_robotarm_wer24_driver -- -j8 -l8
[2.176s] DEBUG:colcon.colcon_core.event_handler.log_command:Invoking command in '/home/hephaestus/ros2_ws/src/diy_robotarm_wer24_driver/build/diy_robotarm_wer24_driver': CMAKE_PREFIX_PATH=${CMAKE_PREFIX_PATH}:/opt/ros/humble /usr/bin/cmake --install /home/hephaestus/ros2_ws/src/diy_robotarm_wer24_driver/build/diy_robotarm_wer24_driver
[2.197s] Level 1:colcon.colcon_core.environment:create_environment_scripts_only(diy_robotarm_wer24_driver)
[2.198s] DEBUG:colcon.colcon_core.event_handler.log_command:Invoked command in '/home/hephaestus/ros2_ws/src/diy_robotarm_wer24_driver/build/diy_robotarm_wer24_driver' returned '0': CMAKE_PREFIX_PATH=${CMAKE_PREFIX_PATH}:/opt/ros/humble /usr/bin/cmake --install /home/hephaestus/ros2_ws/src/diy_robotarm_wer24_driver/build/diy_robotarm_wer24_driver
[2.220s] Level 1:colcon.colcon_core.environment:checking '/home/hephaestus/ros2_ws/src/diy_robotarm_wer24_driver/install/diy_robotarm_wer24_driver' for CMake module files
[2.221s] Level 1:colcon.colcon_core.environment:checking '/home/hephaestus/ros2_ws/src/diy_robotarm_wer24_driver/install/diy_robotarm_wer24_driver' for CMake config files
[2.221s] Level 1:colcon.colcon_core.shell:create_environment_hook('diy_robotarm_wer24_driver', 'cmake_prefix_path')
[2.240s] INFO:colcon.colcon_core.shell:Creating environment hook '/home/hephaestus/ros2_ws/src/diy_robotarm_wer24_driver/install/diy_robotarm_wer24_driver/share/diy_robotarm_wer24_driver/hook/cmake_prefix_path.ps1'
[2.240s] INFO:colcon.colcon_core.shell:Creating environment descriptor '/home/hephaestus/ros2_ws/src/diy_robotarm_wer24_driver/install/diy_robotarm_wer24_driver/share/diy_robotarm_wer24_driver/hook/cmake_prefix_path.dsv'
[2.241s] INFO:colcon.colcon_core.shell:Creating environment hook '/home/hephaestus/ros2_ws/src/diy_robotarm_wer24_driver/install/diy_robotarm_wer24_driver/share/diy_robotarm_wer24_driver/hook/cmake_prefix_path.sh'
[2.242s] Level 1:colcon.colcon_core.environment:checking '/home/hephaestus/ros2_ws/src/diy_robotarm_wer24_driver/install/diy_robotarm_wer24_driver/bin'
[2.242s] Level 1:colcon.colcon_core.environment:checking '/home/hephaestus/ros2_ws/src/diy_robotarm_wer24_driver/install/diy_robotarm_wer24_driver/lib/pkgconfig/diy_robotarm_wer24_driver.pc'
[2.244s] Level 1:colcon.colcon_core.environment:checking '/home/hephaestus/ros2_ws/src/diy_robotarm_wer24_driver/install/diy_robotarm_wer24_driver/lib/python3.10/site-packages'
[2.245s] Level 1:colcon.colcon_core.environment:checking '/home/hephaestus/ros2_ws/src/diy_robotarm_wer24_driver/install/diy_robotarm_wer24_driver/bin'
[2.263s] INFO:colcon.colcon_core.shell:Creating package script '/home/hephaestus/ros2_ws/src/diy_robotarm_wer24_driver/install/diy_robotarm_wer24_driver/share/diy_robotarm_wer24_driver/package.ps1'
[2.264s] INFO:colcon.colcon_core.shell:Creating package descriptor '/home/hephaestus/ros2_ws/src/diy_robotarm_wer24_driver/install/diy_robotarm_wer24_driver/share/diy_robotarm_wer24_driver/package.dsv'
[2.265s] INFO:colcon.colcon_core.shell:Creating package script '/home/hephaestus/ros2_ws/src/diy_robotarm_wer24_driver/install/diy_robotarm_wer24_driver/share/diy_robotarm_wer24_driver/package.sh'
[2.265s] INFO:colcon.colcon_core.shell:Creating package script '/home/hephaestus/ros2_ws/src/diy_robotarm_wer24_driver/install/diy_robotarm_wer24_driver/share/diy_robotarm_wer24_driver/package.bash'
[2.266s] INFO:colcon.colcon_core.shell:Creating package script '/home/hephaestus/ros2_ws/src/diy_robotarm_wer24_driver/install/diy_robotarm_wer24_driver/share/diy_robotarm_wer24_driver/package.zsh'
[2.267s] Level 1:colcon.colcon_core.environment:create_file_with_runtime_dependencies(/home/hephaestus/ros2_ws/src/diy_robotarm_wer24_driver/install/diy_robotarm_wer24_driver/share/colcon-core/packages/diy_robotarm_wer24_driver)
[2.356s] Level 1:colcon.colcon_core.environment:create_environment_scripts_only(diy_robotarm_wer24_driver)
[2.383s] Level 1:colcon.colcon_core.environment:checking '/home/hephaestus/ros2_ws/src/diy_robotarm_wer24_driver/install/diy_robotarm_wer24_driver' for CMake module files
[2.384s] Level 1:colcon.colcon_core.environment:checking '/home/hephaestus/ros2_ws/src/diy_robotarm_wer24_driver/install/diy_robotarm_wer24_driver' for CMake config files
[2.384s] Level 1:colcon.colcon_core.shell:create_environment_hook('diy_robotarm_wer24_driver', 'cmake_prefix_path')
[2.400s] INFO:colcon.colcon_core.shell:Creating environment hook '/home/hephaestus/ros2_ws/src/diy_robotarm_wer24_driver/install/diy_robotarm_wer24_driver/share/diy_robotarm_wer24_driver/hook/cmake_prefix_path.ps1'
[2.400s] INFO:colcon.colcon_core.shell:Creating environment descriptor '/home/hephaestus/ros2_ws/src/diy_robotarm_wer24_driver/install/diy_robotarm_wer24_driver/share/diy_robotarm_wer24_driver/hook/cmake_prefix_path.dsv'
[2.400s] INFO:colcon.colcon_core.shell:Creating environment hook '/home/hephaestus/ros2_ws/src/diy_robotarm_wer24_driver/install/diy_robotarm_wer24_driver/share/diy_robotarm_wer24_driver/hook/cmake_prefix_path.sh'
[2.401s] Level 1:colcon.colcon_core.environment:checking '/home/hephaestus/ros2_ws/src/diy_robotarm_wer24_driver/install/diy_robotarm_wer24_driver/bin'
[2.401s] Level 1:colcon.colcon_core.environment:checking '/home/hephaestus/ros2_ws/src/diy_robotarm_wer24_driver/install/diy_robotarm_wer24_driver/lib/pkgconfig/diy_robotarm_wer24_driver.pc'
[2.401s] Level 1:colcon.colcon_core.environment:checking '/home/hephaestus/ros2_ws/src/diy_robotarm_wer24_driver/install/diy_robotarm_wer24_driver/lib/python3.10/site-packages'
[2.402s] Level 1:colcon.colcon_core.environment:checking '/home/hephaestus/ros2_ws/src/diy_robotarm_wer24_driver/install/diy_robotarm_wer24_driver/bin'
[2.423s] INFO:colcon.colcon_core.shell:Creating package script '/home/hephaestus/ros2_ws/src/diy_robotarm_wer24_driver/install/diy_robotarm_wer24_driver/share/diy_robotarm_wer24_driver/package.ps1'
[2.424s] INFO:colcon.colcon_core.shell:Creating package descriptor '/home/hephaestus/ros2_ws/src/diy_robotarm_wer24_driver/install/diy_robotarm_wer24_driver/share/diy_robotarm_wer24_driver/package.dsv'
[2.424s] INFO:colcon.colcon_core.shell:Creating package script '/home/hephaestus/ros2_ws/src/diy_robotarm_wer24_driver/install/diy_robotarm_wer24_driver/share/diy_robotarm_wer24_driver/package.sh'
[2.425s] INFO:colcon.colcon_core.shell:Creating package script '/home/hephaestus/ros2_ws/src/diy_robotarm_wer24_driver/install/diy_robotarm_wer24_driver/share/diy_robotarm_wer24_driver/package.bash'
[2.425s] INFO:colcon.colcon_core.shell:Creating package script '/home/hephaestus/ros2_ws/src/diy_robotarm_wer24_driver/install/diy_robotarm_wer24_driver/share/diy_robotarm_wer24_driver/package.zsh'
[2.426s] Level 1:colcon.colcon_core.environment:create_file_with_runtime_dependencies(/home/hephaestus/ros2_ws/src/diy_robotarm_wer24_driver/install/diy_robotarm_wer24_driver/share/colcon-core/packages/diy_robotarm_wer24_driver)
[2.426s] DEBUG:colcon.colcon_parallel_executor.executor.parallel:closing loop
[2.427s] DEBUG:colcon.colcon_parallel_executor.executor.parallel:loop closed
[2.427s] DEBUG:colcon.colcon_parallel_executor.executor.parallel:run_until_complete finished with '0'
[2.427s] DEBUG:colcon.colcon_core.event_reactor:joining thread
[2.493s] INFO:colcon.colcon_core.plugin_system:Skipping extension 'colcon_notification.desktop_notification.notify_send': Could not find 'notify-send'
[2.493s] INFO:colcon.colcon_core.plugin_system:Skipping extension 'colcon_notification.desktop_notification.terminal_notifier': Not used on non-Darwin systems
[2.494s] INFO:colcon.colcon_core.plugin_system:Skipping extension 'colcon_notification.desktop_notification.win32': Not used on non-Windows systems
[2.494s] INFO:colcon.colcon_notification.desktop_notification:Sending desktop notification using 'notify2'
[2.503s] DEBUG:colcon.colcon_notification.desktop_notification.notify2:Failed to initialize notify2: org.freedesktop.DBus.Error.Spawn.ExecFailed: /usr/bin/dbus-launch terminated abnormally without any error message
[2.503s] DEBUG:colcon.colcon_core.event_reactor:joined thread
[2.536s] INFO:colcon.colcon_core.shell:Creating prefix script '/home/hephaestus/ros2_ws/src/diy_robotarm_wer24_driver/install/local_setup.ps1'
[2.539s] INFO:colcon.colcon_core.shell:Creating prefix util module '/home/hephaestus/ros2_ws/src/diy_robotarm_wer24_driver/install/_local_setup_util_ps1.py'
[2.542s] INFO:colcon.colcon_core.shell:Creating prefix chain script '/home/hephaestus/ros2_ws/src/diy_robotarm_wer24_driver/install/setup.ps1'
[2.576s] INFO:colcon.colcon_core.shell:Creating prefix script '/home/hephaestus/ros2_ws/src/diy_robotarm_wer24_driver/install/local_setup.sh'
[2.577s] INFO:colcon.colcon_core.shell:Creating prefix util module '/home/hephaestus/ros2_ws/src/diy_robotarm_wer24_driver/install/_local_setup_util_sh.py'
[2.577s] INFO:colcon.colcon_core.shell:Creating prefix chain script '/home/hephaestus/ros2_ws/src/diy_robotarm_wer24_driver/install/setup.sh'
[2.593s] INFO:colcon.colcon_core.shell:Creating prefix script '/home/hephaestus/ros2_ws/src/diy_robotarm_wer24_driver/install/local_setup.bash'
[2.593s] INFO:colcon.colcon_core.shell:Creating prefix chain script '/home/hephaestus/ros2_ws/src/diy_robotarm_wer24_driver/install/setup.bash'
[2.609s] INFO:colcon.colcon_core.shell:Creating prefix script '/home/hephaestus/ros2_ws/src/diy_robotarm_wer24_driver/install/local_setup.zsh'
[2.609s] INFO:colcon.colcon_core.shell:Creating prefix chain script '/home/hephaestus/ros2_ws/src/diy_robotarm_wer24_driver/install/setup.zsh'
