[0.113s] Invoking command in '/home/hephaestus/ros2_ws/src/diy_robotarm_wer24_driver/build/diy_robotarm_wer24_driver': CMAKE_PREFIX_PATH=${CMAKE_PREFIX_PATH}:/opt/ros/humble /usr/bin/cmake /home/hephaestus/ros2_ws/src/diy_robotarm_wer24_driver -DCMAKE_INSTALL_PREFIX=/home/hephaestus/ros2_ws/src/diy_robotarm_wer24_driver/install/diy_robotarm_wer24_driver
[0.153s] -- Found ament_cmake: 1.3.6 (/opt/ros/humble/share/ament_cmake/cmake)
[0.376s] -- Found diy_robotarm_wer24_description: 0.0.0 (/home/hephaestus/dependencies/diy_robotarm_wer24_description_ws/install/diy_robotarm_wer24_description/share/diy_robotarm_wer24_description/cmake)
[0.376s] -- Found diy_soft_gripper_description: 0.0.0 (/home/hephaestus/dependencies/diy_soft_gripper_description_ws/install/diy_soft_gripper_description/share/diy_soft_gripper_description/cmake)
[0.378s] -- Found diy_robot_full_cell_description: 0.0.0 (/home/hephaestus/dependencies/diy_robot_full_cell_description_ws/install/diy_robot_full_cell_description/share/diy_robot_full_cell_description/cmake)
[0.379s] -- Found xacro: 2.0.8 (/opt/ros/humble/share/xacro/cmake)
[0.392s] -- Found ament_lint_auto: 0.12.9 (/opt/ros/humble/share/ament_lint_auto/cmake)
[0.571s] -- Added test 'cppcheck' to perform static code analysis on C / C++ code
[0.571s] -- Configured cppcheck include dirs: 
[0.572s] -- Configured cppcheck exclude dirs and/or files: 
[0.574s] -- Added test 'flake8' to check Python code syntax and style conventions
[0.579s] -- Added test 'lint_cmake' to check CMake code style
[0.582s] -- Added test 'pep257' to check Python code against some of the docstring style conventions in PEP 257
[0.599s] -- Added test 'uncrustify' to check C / C++ code style
[0.600s] -- Configured uncrustify additional arguments: 
[0.603s] -- Added test 'xmllint' to check XML markup files
[0.606s] -- Configuring done
[0.611s] -- Generating done
[0.613s] -- Build files have been written to: /home/hephaestus/ros2_ws/src/diy_robotarm_wer24_driver/build/diy_robotarm_wer24_driver
[0.618s] Invoked command in '/home/hephaestus/ros2_ws/src/diy_robotarm_wer24_driver/build/diy_robotarm_wer24_driver' returned '0': CMAKE_PREFIX_PATH=${CMAKE_PREFIX_PATH}:/opt/ros/humble /usr/bin/cmake /home/hephaestus/ros2_ws/src/diy_robotarm_wer24_driver -DCMAKE_INSTALL_PREFIX=/home/hephaestus/ros2_ws/src/diy_robotarm_wer24_driver/install/diy_robotarm_wer24_driver
[0.621s] Invoking command in '/home/hephaestus/ros2_ws/src/diy_robotarm_wer24_driver/build/diy_robotarm_wer24_driver': CMAKE_PREFIX_PATH=${CMAKE_PREFIX_PATH}:/opt/ros/humble /usr/bin/cmake --build /home/hephaestus/ros2_ws/src/diy_robotarm_wer24_driver/build/diy_robotarm_wer24_driver -- -j8 -l8
[0.699s] Invoked command in '/home/hephaestus/ros2_ws/src/diy_robotarm_wer24_driver/build/diy_robotarm_wer24_driver' returned '0': CMAKE_PREFIX_PATH=${CMAKE_PREFIX_PATH}:/opt/ros/humble /usr/bin/cmake --build /home/hephaestus/ros2_ws/src/diy_robotarm_wer24_driver/build/diy_robotarm_wer24_driver -- -j8 -l8
[0.770s] Invoking command in '/home/hephaestus/ros2_ws/src/diy_robotarm_wer24_driver/build/diy_robotarm_wer24_driver': CMAKE_PREFIX_PATH=${CMAKE_PREFIX_PATH}:/opt/ros/humble /usr/bin/cmake --install /home/hephaestus/ros2_ws/src/diy_robotarm_wer24_driver/build/diy_robotarm_wer24_driver
[0.781s] -- Install configuration: ""
[0.782s] -- Installing: /home/hephaestus/ros2_ws/src/diy_robotarm_wer24_driver/install/diy_robotarm_wer24_driver/share/diy_robotarm_wer24_driver//launch
[0.782s] -- Installing: /home/hephaestus/ros2_ws/src/diy_robotarm_wer24_driver/install/diy_robotarm_wer24_driver/share/diy_robotarm_wer24_driver//config
[0.782s] -- Installing: /home/hephaestus/ros2_ws/src/diy_robotarm_wer24_driver/install/diy_robotarm_wer24_driver/share/diy_robotarm_wer24_driver//config/esp32_controller.yaml
[0.782s] -- Installing: /home/hephaestus/ros2_ws/src/diy_robotarm_wer24_driver/install/diy_robotarm_wer24_driver/share/diy_robotarm_wer24_driver//incl
[0.782s] -- Installing: /home/hephaestus/ros2_ws/src/diy_robotarm_wer24_driver/install/diy_robotarm_wer24_driver/share/diy_robotarm_wer24_driver//incl/RobotConnection.hpp
[0.783s] -- Installing: /home/hephaestus/ros2_ws/src/diy_robotarm_wer24_driver/install/diy_robotarm_wer24_driver/share/diy_robotarm_wer24_driver//incl/helpers.hpp
[0.783s] -- Installing: /home/hephaestus/ros2_ws/src/diy_robotarm_wer24_driver/install/diy_robotarm_wer24_driver/share/diy_robotarm_wer24_driver//incl/visibility_control.h
[0.783s] -- Installing: /home/hephaestus/ros2_ws/src/diy_robotarm_wer24_driver/install/diy_robotarm_wer24_driver/share/diy_robotarm_wer24_driver//incl/esp32_hardware_interface.hpp
[0.784s] -- Installing: /home/hephaestus/ros2_ws/src/diy_robotarm_wer24_driver/install/diy_robotarm_wer24_driver/share/diy_robotarm_wer24_driver//incl/DataFormat.hpp
[0.784s] -- Installing: /home/hephaestus/ros2_ws/src/diy_robotarm_wer24_driver/install/diy_robotarm_wer24_driver/share/diy_robotarm_wer24_driver//src
[0.784s] -- Installing: /home/hephaestus/ros2_ws/src/diy_robotarm_wer24_driver/install/diy_robotarm_wer24_driver/share/ament_index/resource_index/package_run_dependencies/diy_robotarm_wer24_driver
[0.785s] -- Installing: /home/hephaestus/ros2_ws/src/diy_robotarm_wer24_driver/install/diy_robotarm_wer24_driver/share/ament_index/resource_index/parent_prefix_path/diy_robotarm_wer24_driver
[0.785s] -- Installing: /home/hephaestus/ros2_ws/src/diy_robotarm_wer24_driver/install/diy_robotarm_wer24_driver/share/diy_robotarm_wer24_driver/environment/ament_prefix_path.sh
[0.786s] -- Installing: /home/hephaestus/ros2_ws/src/diy_robotarm_wer24_driver/install/diy_robotarm_wer24_driver/share/diy_robotarm_wer24_driver/environment/ament_prefix_path.dsv
[0.786s] -- Installing: /home/hephaestus/ros2_ws/src/diy_robotarm_wer24_driver/install/diy_robotarm_wer24_driver/share/diy_robotarm_wer24_driver/environment/path.sh
[0.786s] -- Installing: /home/hephaestus/ros2_ws/src/diy_robotarm_wer24_driver/install/diy_robotarm_wer24_driver/share/diy_robotarm_wer24_driver/environment/path.dsv
[0.787s] -- Installing: /home/hephaestus/ros2_ws/src/diy_robotarm_wer24_driver/install/diy_robotarm_wer24_driver/share/diy_robotarm_wer24_driver/local_setup.bash
[0.787s] -- Installing: /home/hephaestus/ros2_ws/src/diy_robotarm_wer24_driver/install/diy_robotarm_wer24_driver/share/diy_robotarm_wer24_driver/local_setup.sh
[0.787s] -- Installing: /home/hephaestus/ros2_ws/src/diy_robotarm_wer24_driver/install/diy_robotarm_wer24_driver/share/diy_robotarm_wer24_driver/local_setup.zsh
[0.788s] -- Installing: /home/hephaestus/ros2_ws/src/diy_robotarm_wer24_driver/install/diy_robotarm_wer24_driver/share/diy_robotarm_wer24_driver/local_setup.dsv
[0.788s] -- Installing: /home/hephaestus/ros2_ws/src/diy_robotarm_wer24_driver/install/diy_robotarm_wer24_driver/share/diy_robotarm_wer24_driver/package.dsv
[0.788s] -- Installing: /home/hephaestus/ros2_ws/src/diy_robotarm_wer24_driver/install/diy_robotarm_wer24_driver/share/ament_index/resource_index/packages/diy_robotarm_wer24_driver
[0.789s] -- Installing: /home/hephaestus/ros2_ws/src/diy_robotarm_wer24_driver/install/diy_robotarm_wer24_driver/share/diy_robotarm_wer24_driver/cmake/diy_robotarm_wer24_driverConfig.cmake
[0.789s] -- Installing: /home/hephaestus/ros2_ws/src/diy_robotarm_wer24_driver/install/diy_robotarm_wer24_driver/share/diy_robotarm_wer24_driver/cmake/diy_robotarm_wer24_driverConfig-version.cmake
[0.789s] -- Installing: /home/hephaestus/ros2_ws/src/diy_robotarm_wer24_driver/install/diy_robotarm_wer24_driver/share/diy_robotarm_wer24_driver/package.xml
[0.793s] Invoked command in '/home/hephaestus/ros2_ws/src/diy_robotarm_wer24_driver/build/diy_robotarm_wer24_driver' returned '0': CMAKE_PREFIX_PATH=${CMAKE_PREFIX_PATH}:/opt/ros/humble /usr/bin/cmake --install /home/hephaestus/ros2_ws/src/diy_robotarm_wer24_driver/build/diy_robotarm_wer24_driver
